<?xml version="1.0" encoding="UTF-8"?>
<coverage generated="1629299609499" clover="3.2.0">
  <project timestamp="1629299609499" name="All files">
    <metrics statements="59" coveredstatements="59" conditionals="38" coveredconditionals="37" methods="19" coveredmethods="19" elements="116" coveredelements="115" complexity="0" loc="59" ncloc="59" packages="4" files="6" classes="6"/>
    <package name="__test__.utils">
      <metrics statements="10" coveredstatements="10" conditionals="4" coveredconditionals="4" methods="4" coveredmethods="4"/>
      <file name="dbMockup.js" path="/home/dzonson/development/misc/clean-arch/mikroblog/__test__/utils/dbMockup.js">
        <metrics statements="10" coveredstatements="10" conditionals="4" coveredconditionals="4" methods="4" coveredmethods="4"/>
        <line num="3" count="2" type="stmt"/>
        <line num="6" count="8" type="stmt"/>
        <line num="7" count="8" type="cond" truecount="2" falsecount="0"/>
        <line num="8" count="7" type="stmt"/>
        <line num="12" count="9" type="stmt"/>
        <line num="13" count="9" type="stmt"/>
        <line num="14" count="8" type="stmt"/>
        <line num="15" count="23" type="stmt"/>
        <line num="18" count="9" type="cond" truecount="2" falsecount="0"/>
        <line num="20" count="12" type="stmt"/>
      </file>
    </package>
    <package name="src.controllers.user-controller">
      <metrics statements="5" coveredstatements="5" conditionals="0" coveredconditionals="0" methods="2" coveredmethods="2"/>
      <file name="post-user.js" path="/home/dzonson/development/misc/clean-arch/mikroblog/src/controllers/user-controller/post-user.js">
        <metrics statements="5" coveredstatements="5" conditionals="0" coveredconditionals="0" methods="2" coveredmethods="2"/>
        <line num="2" count="2" type="stmt"/>
        <line num="3" count="2" type="stmt"/>
        <line num="4" count="2" type="stmt"/>
        <line num="6" count="1" type="stmt"/>
        <line num="17" count="1" type="stmt"/>
      </file>
    </package>
    <package name="src.entities.user">
      <metrics statements="33" coveredstatements="33" conditionals="28" coveredconditionals="27" methods="9" coveredmethods="9"/>
      <file name="index.js" path="/home/dzonson/development/misc/clean-arch/mikroblog/src/entities/user/index.js">
        <metrics statements="4" coveredstatements="4" conditionals="0" coveredconditionals="0" methods="1" coveredmethods="1"/>
        <line num="3" count="1" type="stmt"/>
        <line num="5" count="8" type="stmt"/>
        <line num="8" count="8" type="stmt"/>
        <line num="12" count="1" type="stmt"/>
      </file>
      <file name="user.js" path="/home/dzonson/development/misc/clean-arch/mikroblog/src/entities/user/user.js">
        <metrics statements="29" coveredstatements="29" conditionals="28" coveredconditionals="27" methods="8" coveredmethods="8"/>
        <line num="2" count="2" type="cond" truecount="0" falsecount="1"/>
        <line num="9" count="35" type="cond" truecount="2" falsecount="0"/>
        <line num="10" count="34" type="cond" truecount="2" falsecount="0"/>
        <line num="12" count="30" type="cond" truecount="2" falsecount="0"/>
        <line num="13" count="29" type="cond" truecount="2" falsecount="0"/>
        <line num="14" count="25" type="cond" truecount="2" falsecount="0"/>
        <line num="15" count="1" type="stmt"/>
        <line num="16" count="24" type="cond" truecount="2" falsecount="0"/>
        <line num="17" count="1" type="stmt"/>
        <line num="19" count="23" type="cond" truecount="2" falsecount="0"/>
        <line num="20" count="22" type="cond" truecount="2" falsecount="0"/>
        <line num="21" count="4" type="stmt"/>
        <line num="22" count="18" type="cond" truecount="2" falsecount="0"/>
        <line num="24" count="17" type="cond" truecount="2" falsecount="0"/>
        <line num="25" count="16" type="cond" truecount="2" falsecount="0"/>
        <line num="26" count="4" type="stmt"/>
        <line num="27" count="12" type="cond" truecount="2" falsecount="0"/>
        <line num="28" count="1" type="stmt"/>
        <line num="29" count="11" type="cond" truecount="2" falsecount="0"/>
        <line num="30" count="1" type="stmt"/>
        <line num="32" count="10" type="stmt"/>
        <line num="33" count="10" type="stmt"/>
        <line num="34" count="15" type="stmt"/>
        <line num="35" count="7" type="stmt"/>
        <line num="36" count="15" type="stmt"/>
        <line num="37" count="7" type="stmt"/>
        <line num="38" count="7" type="stmt"/>
        <line num="45" count="18" type="stmt"/>
        <line num="46" count="18" type="stmt"/>
      </file>
    </package>
    <package name="src.use-cases">
      <metrics statements="11" coveredstatements="11" conditionals="6" coveredconditionals="6" methods="4" coveredmethods="4"/>
      <file name="list-users.js" path="/home/dzonson/development/misc/clean-arch/mikroblog/src/use-cases/list-users.js">
        <metrics statements="2" coveredstatements="2" conditionals="0" coveredconditionals="0" methods="2" coveredmethods="2"/>
        <line num="2" count="1" type="stmt"/>
        <line num="3" count="1" type="stmt"/>
      </file>
      <file name="save-user.js" path="/home/dzonson/development/misc/clean-arch/mikroblog/src/use-cases/save-user.js">
        <metrics statements="9" coveredstatements="9" conditionals="6" coveredconditionals="6" methods="2" coveredmethods="2"/>
        <line num="4" count="1" type="stmt"/>
        <line num="5" count="8" type="cond" truecount="2" falsecount="0"/>
        <line num="6" count="8" type="stmt"/>
        <line num="7" count="8" type="stmt"/>
        <line num="8" count="8" type="stmt"/>
        <line num="11" count="8" type="cond" truecount="2" falsecount="0"/>
        <line num="12" count="7" type="cond" truecount="2" falsecount="0"/>
        <line num="13" count="1" type="stmt"/>
        <line num="14" count="6" type="stmt"/>
      </file>
    </package>
  </project>
</coverage>
