{"/home/dzonson/development/misc/clean-arch/mikroblog/__test__/utils/dbMockup.js": {"path":"/home/dzonson/development/misc/clean-arch/mikroblog/__test__/utils/dbMockup.js","statementMap":{"0":{"start":{"line":3,"column":17},"end":{"line":21,"column":1}},"1":{"start":{"line":6,"column":4},"end":{"line":9,"column":5}},"2":{"start":{"line":7,"column":6},"end":{"line":8,"column":23}},"3":{"start":{"line":7,"column":23},"end":{"line":7,"column":32}},"4":{"start":{"line":8,"column":11},"end":{"line":8,"column":23}},"5":{"start":{"line":12,"column":24},"end":{"line":12,"column":39}},"6":{"start":{"line":13,"column":4},"end":{"line":17,"column":5}},"7":{"start":{"line":14,"column":6},"end":{"line":16,"column":9}},"8":{"start":{"line":15,"column":8},"end":{"line":15,"column":35}},"9":{"start":{"line":18,"column":4},"end":{"line":18,"column":57}},"10":{"start":{"line":20,"column":25},"end":{"line":20,"column":48}}},"fnMap":{"0":{"name":"(anonymous_0)","decl":{"start":{"line":5,"column":20},"end":{"line":5,"column":21}},"loc":{"start":{"line":5,"column":28},"end":{"line":10,"column":3}},"line":5},"1":{"name":"(anonymous_1)","decl":{"start":{"line":11,"column":16},"end":{"line":11,"column":17}},"loc":{"start":{"line":11,"column":29},"end":{"line":19,"column":3}},"line":11},"2":{"name":"(anonymous_2)","decl":{"start":{"line":14,"column":43},"end":{"line":14,"column":44}},"loc":{"start":{"line":14,"column":50},"end":{"line":16,"column":7}},"line":14},"3":{"name":"(anonymous_3)","decl":{"start":{"line":20,"column":18},"end":{"line":20,"column":19}},"loc":{"start":{"line":20,"column":25},"end":{"line":20,"column":48}},"line":20}},"branchMap":{"0":{"loc":{"start":{"line":7,"column":6},"end":{"line":8,"column":23}},"type":"if","locations":[{"start":{"line":7,"column":6},"end":{"line":8,"column":23}},{"start":{"line":7,"column":6},"end":{"line":8,"column":23}}],"line":7},"1":{"loc":{"start":{"line":18,"column":11},"end":{"line":18,"column":56}},"type":"cond-expr","locations":[{"start":{"line":18,"column":36},"end":{"line":18,"column":49}},{"start":{"line":18,"column":52},"end":{"line":18,"column":56}}],"line":18}},"s":{"0":2,"1":8,"2":8,"3":1,"4":7,"5":9,"6":9,"7":8,"8":23,"9":9,"10":12},"f":{"0":8,"1":9,"2":23,"3":12},"b":{"0":[1,7],"1":[2,7]},"_coverageSchema":"1a1c01bbd47fc00a2c39e90264f33305004495a9","hash":"d6518c6b73822da65638df3ad0e0f36ee49e6e42"}
,"/home/dzonson/development/misc/clean-arch/mikroblog/src/controllers/user-controller/post-user.js": {"path":"/home/dzonson/development/misc/clean-arch/mikroblog/src/controllers/user-controller/post-user.js","statementMap":{"0":{"start":{"line":2,"column":2},"end":{"line":28,"column":4}},"1":{"start":{"line":3,"column":4},"end":{"line":15,"column":5}},"2":{"start":{"line":4,"column":6},"end":{"line":4,"column":33}},"3":{"start":{"line":6,"column":6},"end":{"line":14,"column":8}},"4":{"start":{"line":17,"column":4},"end":{"line":27,"column":6}}},"fnMap":{"0":{"name":"makePostUser","decl":{"start":{"line":1,"column":24},"end":{"line":1,"column":36}},"loc":{"start":{"line":1,"column":51},"end":{"line":29,"column":1}},"line":1},"1":{"name":"postUser","decl":{"start":{"line":2,"column":24},"end":{"line":2,"column":32}},"loc":{"start":{"line":2,"column":46},"end":{"line":28,"column":3}},"line":2}},"branchMap":{},"s":{"0":2,"1":2,"2":2,"3":1,"4":1},"f":{"0":2,"1":2},"b":{},"_coverageSchema":"1a1c01bbd47fc00a2c39e90264f33305004495a9","hash":"7b000e9736866b8c23a2eb9b9249e95180f5b0fc"}
,"/home/dzonson/development/misc/clean-arch/mikroblog/src/entities/user/index.js": {"path":"/home/dzonson/development/misc/clean-arch/mikroblog/src/entities/user/index.js","statementMap":{"0":{"start":{"line":3,"column":19},"end":{"line":10,"column":1}},"1":{"start":{"line":5,"column":4},"end":{"line":7,"column":6}},"2":{"start":{"line":8,"column":4},"end":{"line":8,"column":94}},"3":{"start":{"line":12,"column":17},"end":{"line":12,"column":54}}},"fnMap":{"0":{"name":"(anonymous_0)","decl":{"start":{"line":4,"column":8},"end":{"line":4,"column":9}},"loc":{"start":{"line":4,"column":14},"end":{"line":9,"column":3}},"line":4}},"branchMap":{},"s":{"0":1,"1":8,"2":8,"3":1},"f":{"0":8},"b":{},"_coverageSchema":"1a1c01bbd47fc00a2c39e90264f33305004495a9","hash":"5cb08ccfb1f1a45930db765eb5d95956ec07cb84"}
,"/home/dzonson/development/misc/clean-arch/mikroblog/src/entities/user/user.js": {"path":"/home/dzonson/development/misc/clean-arch/mikroblog/src/entities/user/user.js","statementMap":{"0":{"start":{"line":2,"column":2},"end":{"line":40,"column":4}},"1":{"start":{"line":9,"column":4},"end":{"line":9,"column":57}},"2":{"start":{"line":9,"column":13},"end":{"line":9,"column":57}},"3":{"start":{"line":10,"column":4},"end":{"line":10,"column":76}},"4":{"start":{"line":10,"column":32},"end":{"line":10,"column":76}},"5":{"start":{"line":12,"column":4},"end":{"line":12,"column":61}},"6":{"start":{"line":12,"column":15},"end":{"line":12,"column":61}},"7":{"start":{"line":13,"column":4},"end":{"line":13,"column":80}},"8":{"start":{"line":13,"column":34},"end":{"line":13,"column":80}},"9":{"start":{"line":14,"column":4},"end":{"line":15,"column":70}},"10":{"start":{"line":15,"column":6},"end":{"line":15,"column":70}},"11":{"start":{"line":16,"column":4},"end":{"line":17,"column":69}},"12":{"start":{"line":17,"column":6},"end":{"line":17,"column":69}},"13":{"start":{"line":19,"column":4},"end":{"line":19,"column":63}},"14":{"start":{"line":19,"column":16},"end":{"line":19,"column":63}},"15":{"start":{"line":20,"column":4},"end":{"line":21,"column":53}},"16":{"start":{"line":21,"column":6},"end":{"line":21,"column":53}},"17":{"start":{"line":22,"column":4},"end":{"line":22,"column":66}},"18":{"start":{"line":22,"column":25},"end":{"line":22,"column":66}},"19":{"start":{"line":24,"column":4},"end":{"line":24,"column":69}},"20":{"start":{"line":24,"column":19},"end":{"line":24,"column":69}},"21":{"start":{"line":25,"column":4},"end":{"line":26,"column":56}},"22":{"start":{"line":26,"column":6},"end":{"line":26,"column":56}},"23":{"start":{"line":27,"column":4},"end":{"line":28,"column":74}},"24":{"start":{"line":28,"column":6},"end":{"line":28,"column":74}},"25":{"start":{"line":29,"column":4},"end":{"line":30,"column":74}},"26":{"start":{"line":30,"column":6},"end":{"line":30,"column":74}},"27":{"start":{"line":32,"column":27},"end":{"line":32,"column":48}},"28":{"start":{"line":33,"column":4},"end":{"line":39,"column":7}},"29":{"start":{"line":34,"column":19},"end":{"line":34,"column":21}},"30":{"start":{"line":35,"column":21},"end":{"line":35,"column":25}},"31":{"start":{"line":36,"column":22},"end":{"line":36,"column":27}},"32":{"start":{"line":37,"column":31},"end":{"line":37,"column":45}},"33":{"start":{"line":38,"column":28},"end":{"line":38,"column":39}},"34":{"start":{"line":45,"column":4},"end":{"line":45,"column":156}},"35":{"start":{"line":46,"column":2},"end":{"line":46,"column":32}}},"fnMap":{"0":{"name":"buildMakeUser","decl":{"start":{"line":1,"column":24},"end":{"line":1,"column":37}},"loc":{"start":{"line":1,"column":50},"end":{"line":41,"column":1}},"line":1},"1":{"name":"makeUser","decl":{"start":{"line":2,"column":18},"end":{"line":2,"column":26}},"loc":{"start":{"line":8,"column":10},"end":{"line":40,"column":3}},"line":8},"2":{"name":"(anonymous_2)","decl":{"start":{"line":34,"column":13},"end":{"line":34,"column":14}},"loc":{"start":{"line":34,"column":19},"end":{"line":34,"column":21}},"line":34},"3":{"name":"(anonymous_3)","decl":{"start":{"line":35,"column":15},"end":{"line":35,"column":16}},"loc":{"start":{"line":35,"column":21},"end":{"line":35,"column":25}},"line":35},"4":{"name":"(anonymous_4)","decl":{"start":{"line":36,"column":16},"end":{"line":36,"column":17}},"loc":{"start":{"line":36,"column":22},"end":{"line":36,"column":27}},"line":36},"5":{"name":"(anonymous_5)","decl":{"start":{"line":37,"column":25},"end":{"line":37,"column":26}},"loc":{"start":{"line":37,"column":31},"end":{"line":37,"column":45}},"line":37},"6":{"name":"(anonymous_6)","decl":{"start":{"line":38,"column":22},"end":{"line":38,"column":23}},"loc":{"start":{"line":38,"column":28},"end":{"line":38,"column":39}},"line":38},"7":{"name":"isEmail","decl":{"start":{"line":43,"column":9},"end":{"line":43,"column":16}},"loc":{"start":{"line":43,"column":24},"end":{"line":47,"column":1}},"line":43}},"branchMap":{"0":{"loc":{"start":{"line":2,"column":27},"end":{"line":8,"column":8}},"type":"default-arg","locations":[{"start":{"line":8,"column":6},"end":{"line":8,"column":8}}],"line":2},"1":{"loc":{"start":{"line":7,"column":4},"end":{"line":7,"column":28}},"type":"default-arg","locations":[{"start":{"line":7,"column":18},"end":{"line":7,"column":28}}],"line":7},"2":{"loc":{"start":{"line":9,"column":4},"end":{"line":9,"column":57}},"type":"if","locations":[{"start":{"line":9,"column":4},"end":{"line":9,"column":57}},{"start":{"line":9,"column":4},"end":{"line":9,"column":57}}],"line":9},"3":{"loc":{"start":{"line":10,"column":4},"end":{"line":10,"column":76}},"type":"if","locations":[{"start":{"line":10,"column":4},"end":{"line":10,"column":76}},{"start":{"line":10,"column":4},"end":{"line":10,"column":76}}],"line":10},"4":{"loc":{"start":{"line":12,"column":4},"end":{"line":12,"column":61}},"type":"if","locations":[{"start":{"line":12,"column":4},"end":{"line":12,"column":61}},{"start":{"line":12,"column":4},"end":{"line":12,"column":61}}],"line":12},"5":{"loc":{"start":{"line":13,"column":4},"end":{"line":13,"column":80}},"type":"if","locations":[{"start":{"line":13,"column":4},"end":{"line":13,"column":80}},{"start":{"line":13,"column":4},"end":{"line":13,"column":80}}],"line":13},"6":{"loc":{"start":{"line":14,"column":4},"end":{"line":15,"column":70}},"type":"if","locations":[{"start":{"line":14,"column":4},"end":{"line":15,"column":70}},{"start":{"line":14,"column":4},"end":{"line":15,"column":70}}],"line":14},"7":{"loc":{"start":{"line":16,"column":4},"end":{"line":17,"column":69}},"type":"if","locations":[{"start":{"line":16,"column":4},"end":{"line":17,"column":69}},{"start":{"line":16,"column":4},"end":{"line":17,"column":69}}],"line":16},"8":{"loc":{"start":{"line":19,"column":4},"end":{"line":19,"column":63}},"type":"if","locations":[{"start":{"line":19,"column":4},"end":{"line":19,"column":63}},{"start":{"line":19,"column":4},"end":{"line":19,"column":63}}],"line":19},"9":{"loc":{"start":{"line":20,"column":4},"end":{"line":21,"column":53}},"type":"if","locations":[{"start":{"line":20,"column":4},"end":{"line":21,"column":53}},{"start":{"line":20,"column":4},"end":{"line":21,"column":53}}],"line":20},"10":{"loc":{"start":{"line":22,"column":4},"end":{"line":22,"column":66}},"type":"if","locations":[{"start":{"line":22,"column":4},"end":{"line":22,"column":66}},{"start":{"line":22,"column":4},"end":{"line":22,"column":66}}],"line":22},"11":{"loc":{"start":{"line":24,"column":4},"end":{"line":24,"column":69}},"type":"if","locations":[{"start":{"line":24,"column":4},"end":{"line":24,"column":69}},{"start":{"line":24,"column":4},"end":{"line":24,"column":69}}],"line":24},"12":{"loc":{"start":{"line":25,"column":4},"end":{"line":26,"column":56}},"type":"if","locations":[{"start":{"line":25,"column":4},"end":{"line":26,"column":56}},{"start":{"line":25,"column":4},"end":{"line":26,"column":56}}],"line":25},"13":{"loc":{"start":{"line":27,"column":4},"end":{"line":28,"column":74}},"type":"if","locations":[{"start":{"line":27,"column":4},"end":{"line":28,"column":74}},{"start":{"line":27,"column":4},"end":{"line":28,"column":74}}],"line":27},"14":{"loc":{"start":{"line":29,"column":4},"end":{"line":30,"column":74}},"type":"if","locations":[{"start":{"line":29,"column":4},"end":{"line":30,"column":74}},{"start":{"line":29,"column":4},"end":{"line":30,"column":74}}],"line":29}},"s":{"0":2,"1":35,"2":1,"3":34,"4":4,"5":30,"6":1,"7":29,"8":4,"9":25,"10":1,"11":24,"12":1,"13":23,"14":1,"15":22,"16":4,"17":18,"18":1,"19":17,"20":1,"21":16,"22":4,"23":12,"24":1,"25":11,"26":1,"27":10,"28":10,"29":15,"30":7,"31":15,"32":7,"33":7,"34":18,"35":18},"f":{"0":2,"1":35,"2":15,"3":7,"4":15,"5":7,"6":7,"7":18},"b":{"0":[0],"1":[27],"2":[1,34],"3":[4,30],"4":[1,29],"5":[4,25],"6":[1,24],"7":[1,23],"8":[1,22],"9":[4,18],"10":[1,17],"11":[1,16],"12":[4,12],"13":[1,11],"14":[1,10]},"_coverageSchema":"1a1c01bbd47fc00a2c39e90264f33305004495a9","hash":"739a51aea0f8ee44da0004d9118e6bd63b3f3d03"}
,"/home/dzonson/development/misc/clean-arch/mikroblog/src/use-cases/list-users.js": {"path":"/home/dzonson/development/misc/clean-arch/mikroblog/src/use-cases/list-users.js","statementMap":{"0":{"start":{"line":2,"column":2},"end":{"line":4,"column":4}},"1":{"start":{"line":3,"column":4},"end":{"line":3,"column":36}}},"fnMap":{"0":{"name":"makeListUsers","decl":{"start":{"line":1,"column":24},"end":{"line":1,"column":37}},"loc":{"start":{"line":1,"column":53},"end":{"line":5,"column":1}},"line":1},"1":{"name":"listComments","decl":{"start":{"line":2,"column":24},"end":{"line":2,"column":36}},"loc":{"start":{"line":2,"column":39},"end":{"line":4,"column":3}},"line":2}},"branchMap":{},"s":{"0":1,"1":1},"f":{"0":1,"1":1},"b":{},"_coverageSchema":"1a1c01bbd47fc00a2c39e90264f33305004495a9","hash":"76a29fe63edc05c0cdfbe9f9394b93cf1e579ef3"}
,"/home/dzonson/development/misc/clean-arch/mikroblog/src/use-cases/save-user.js": {"path":"/home/dzonson/development/misc/clean-arch/mikroblog/src/use-cases/save-user.js","statementMap":{"0":{"start":{"line":4,"column":2},"end":{"line":21,"column":4}},"1":{"start":{"line":5,"column":4},"end":{"line":5,"column":47}},"2":{"start":{"line":5,"column":22},"end":{"line":5,"column":47}},"3":{"start":{"line":6,"column":17},"end":{"line":6,"column":35}},"4":{"start":{"line":7,"column":27},"end":{"line":7,"column":69}},"5":{"start":{"line":8,"column":30},"end":{"line":10,"column":7}},"6":{"start":{"line":11,"column":4},"end":{"line":11,"column":78}},"7":{"start":{"line":11,"column":24},"end":{"line":11,"column":78}},"8":{"start":{"line":12,"column":4},"end":{"line":13,"column":63}},"9":{"start":{"line":13,"column":6},"end":{"line":13,"column":63}},"10":{"start":{"line":14,"column":4},"end":{"line":20,"column":7}}},"fnMap":{"0":{"name":"makeSaveUser","decl":{"start":{"line":3,"column":24},"end":{"line":3,"column":36}},"loc":{"start":{"line":3,"column":56},"end":{"line":22,"column":1}},"line":3},"1":{"name":"saveUser","decl":{"start":{"line":4,"column":24},"end":{"line":4,"column":32}},"loc":{"start":{"line":4,"column":43},"end":{"line":21,"column":3}},"line":4}},"branchMap":{"0":{"loc":{"start":{"line":5,"column":4},"end":{"line":5,"column":47}},"type":"if","locations":[{"start":{"line":5,"column":4},"end":{"line":5,"column":47}},{"start":{"line":5,"column":4},"end":{"line":5,"column":47}}],"line":5},"1":{"loc":{"start":{"line":11,"column":4},"end":{"line":11,"column":78}},"type":"if","locations":[{"start":{"line":11,"column":4},"end":{"line":11,"column":78}},{"start":{"line":11,"column":4},"end":{"line":11,"column":78}}],"line":11},"2":{"loc":{"start":{"line":12,"column":4},"end":{"line":13,"column":63}},"type":"if","locations":[{"start":{"line":12,"column":4},"end":{"line":13,"column":63}},{"start":{"line":12,"column":4},"end":{"line":13,"column":63}}],"line":12}},"s":{"0":1,"1":8,"2":1,"3":8,"4":8,"5":8,"6":8,"7":1,"8":7,"9":1,"10":6},"f":{"0":1,"1":8},"b":{"0":[1,7],"1":[1,7],"2":[1,6]},"_coverageSchema":"1a1c01bbd47fc00a2c39e90264f33305004495a9","hash":"84936192b5cc45cdc3b15e2f50b934d122082dce"}
}
