{"/home/dzonson/development/misc/clean-arch/mikroblog/__test__/utils/dbMockup.js": {"path":"/home/dzonson/development/misc/clean-arch/mikroblog/__test__/utils/dbMockup.js","statementMap":{"0":{"start":{"line":3,"column":17},"end":{"line":21,"column":1}},"1":{"start":{"line":6,"column":4},"end":{"line":9,"column":5}},"2":{"start":{"line":7,"column":6},"end":{"line":8,"column":23}},"3":{"start":{"line":7,"column":23},"end":{"line":7,"column":32}},"4":{"start":{"line":8,"column":11},"end":{"line":8,"column":23}},"5":{"start":{"line":12,"column":24},"end":{"line":12,"column":39}},"6":{"start":{"line":13,"column":4},"end":{"line":17,"column":5}},"7":{"start":{"line":14,"column":6},"end":{"line":16,"column":9}},"8":{"start":{"line":15,"column":8},"end":{"line":15,"column":35}},"9":{"start":{"line":18,"column":4},"end":{"line":18,"column":57}},"10":{"start":{"line":20,"column":25},"end":{"line":20,"column":48}}},"fnMap":{"0":{"name":"(anonymous_0)","decl":{"start":{"line":5,"column":20},"end":{"line":5,"column":21}},"loc":{"start":{"line":5,"column":28},"end":{"line":10,"column":3}},"line":5},"1":{"name":"(anonymous_1)","decl":{"start":{"line":11,"column":16},"end":{"line":11,"column":17}},"loc":{"start":{"line":11,"column":29},"end":{"line":19,"column":3}},"line":11},"2":{"name":"(anonymous_2)","decl":{"start":{"line":14,"column":43},"end":{"line":14,"column":44}},"loc":{"start":{"line":14,"column":50},"end":{"line":16,"column":7}},"line":14},"3":{"name":"(anonymous_3)","decl":{"start":{"line":20,"column":18},"end":{"line":20,"column":19}},"loc":{"start":{"line":20,"column":25},"end":{"line":20,"column":48}},"line":20}},"branchMap":{"0":{"loc":{"start":{"line":7,"column":6},"end":{"line":8,"column":23}},"type":"if","locations":[{"start":{"line":7,"column":6},"end":{"line":8,"column":23}},{"start":{"line":7,"column":6},"end":{"line":8,"column":23}}],"line":7},"1":{"loc":{"start":{"line":18,"column":11},"end":{"line":18,"column":56}},"type":"cond-expr","locations":[{"start":{"line":18,"column":36},"end":{"line":18,"column":49}},{"start":{"line":18,"column":52},"end":{"line":18,"column":56}}],"line":18}},"s":{"0":2,"1":8,"2":8,"3":1,"4":7,"5":9,"6":9,"7":8,"8":23,"9":9,"10":12},"f":{"0":8,"1":9,"2":23,"3":12},"b":{"0":[1,7],"1":[2,7]},"_coverageSchema":"1a1c01bbd47fc00a2c39e90264f33305004495a9","hash":"d6518c6b73822da65638df3ad0e0f36ee49e6e42"}
,"/home/dzonson/development/misc/clean-arch/mikroblog/src/controllers/user-controller/post-user.js": {"path":"/home/dzonson/development/misc/clean-arch/mikroblog/src/controllers/user-controller/post-user.js","statementMap":{"0":{"start":{"line":2,"column":2},"end":{"line":28,"column":4}},"1":{"start":{"line":3,"column":4},"end":{"line":15,"column":5}},"2":{"start":{"line":4,"column":6},"end":{"line":4,"column":39}},"3":{"start":{"line":6,"column":6},"end":{"line":14,"column":8}},"4":{"start":{"line":17,"column":4},"end":{"line":27,"column":6}}},"fnMap":{"0":{"name":"makePostUser","decl":{"start":{"line":1,"column":24},"end":{"line":1,"column":36}},"loc":{"start":{"line":1,"column":51},"end":{"line":29,"column":1}},"line":1},"1":{"name":"postUser","decl":{"start":{"line":2,"column":24},"end":{"line":2,"column":32}},"loc":{"start":{"line":2,"column":46},"end":{"line":28,"column":3}},"line":2}},"branchMap":{},"s":{"0":2,"1":2,"2":2,"3":1,"4":1},"f":{"0":2,"1":2},"b":{},"_coverageSchema":"1a1c01bbd47fc00a2c39e90264f33305004495a9","hash":"a81bfbacb2ae22217c559dc4b9ee93957434a63d"}
,"/home/dzonson/development/misc/clean-arch/mikroblog/src/entities/user/index.js": {"path":"/home/dzonson/development/misc/clean-arch/mikroblog/src/entities/user/index.js","statementMap":{"0":{"start":{"line":4,"column":15},"end":{"line":11,"column":1}},"1":{"start":{"line":6,"column":4},"end":{"line":6,"column":51}},"2":{"start":{"line":9,"column":4},"end":{"line":9,"column":50}},"3":{"start":{"line":13,"column":17},"end":{"line":13,"column":42}}},"fnMap":{"0":{"name":"(anonymous_0)","decl":{"start":{"line":5,"column":8},"end":{"line":5,"column":9}},"loc":{"start":{"line":5,"column":45},"end":{"line":7,"column":3}},"line":5},"1":{"name":"(anonymous_1)","decl":{"start":{"line":8,"column":11},"end":{"line":8,"column":12}},"loc":{"start":{"line":8,"column":39},"end":{"line":10,"column":3}},"line":8}},"branchMap":{"0":{"loc":{"start":{"line":5,"column":25},"end":{"line":5,"column":40}},"type":"default-arg","locations":[{"start":{"line":5,"column":38},"end":{"line":5,"column":40}}],"line":5}},"s":{"0":1,"1":8,"2":0,"3":1},"f":{"0":8,"1":0},"b":{"0":[8]},"_coverageSchema":"1a1c01bbd47fc00a2c39e90264f33305004495a9","hash":"6cb1af0daca63c5779060e0767fc3a11f954a61f"}
,"/home/dzonson/development/misc/clean-arch/mikroblog/src/entities/user/user.js": {"path":"/home/dzonson/development/misc/clean-arch/mikroblog/src/entities/user/user.js","statementMap":{"0":{"start":{"line":2,"column":2},"end":{"line":43,"column":4}},"1":{"start":{"line":9,"column":4},"end":{"line":9,"column":57}},"2":{"start":{"line":9,"column":13},"end":{"line":9,"column":57}},"3":{"start":{"line":10,"column":4},"end":{"line":10,"column":76}},"4":{"start":{"line":10,"column":32},"end":{"line":10,"column":76}},"5":{"start":{"line":12,"column":4},"end":{"line":12,"column":61}},"6":{"start":{"line":12,"column":15},"end":{"line":12,"column":61}},"7":{"start":{"line":13,"column":4},"end":{"line":13,"column":80}},"8":{"start":{"line":13,"column":34},"end":{"line":13,"column":80}},"9":{"start":{"line":14,"column":4},"end":{"line":15,"column":70}},"10":{"start":{"line":15,"column":6},"end":{"line":15,"column":70}},"11":{"start":{"line":16,"column":4},"end":{"line":17,"column":69}},"12":{"start":{"line":17,"column":6},"end":{"line":17,"column":69}},"13":{"start":{"line":19,"column":4},"end":{"line":19,"column":63}},"14":{"start":{"line":19,"column":16},"end":{"line":19,"column":63}},"15":{"start":{"line":20,"column":4},"end":{"line":21,"column":53}},"16":{"start":{"line":21,"column":6},"end":{"line":21,"column":53}},"17":{"start":{"line":22,"column":4},"end":{"line":22,"column":66}},"18":{"start":{"line":22,"column":25},"end":{"line":22,"column":66}},"19":{"start":{"line":24,"column":4},"end":{"line":24,"column":69}},"20":{"start":{"line":24,"column":19},"end":{"line":24,"column":69}},"21":{"start":{"line":25,"column":4},"end":{"line":26,"column":56}},"22":{"start":{"line":26,"column":6},"end":{"line":26,"column":56}},"23":{"start":{"line":27,"column":4},"end":{"line":28,"column":74}},"24":{"start":{"line":28,"column":6},"end":{"line":28,"column":74}},"25":{"start":{"line":29,"column":4},"end":{"line":30,"column":74}},"26":{"start":{"line":30,"column":6},"end":{"line":30,"column":74}},"27":{"start":{"line":32,"column":27},"end":{"line":32,"column":54}},"28":{"start":{"line":33,"column":4},"end":{"line":42,"column":7}},"29":{"start":{"line":34,"column":19},"end":{"line":34,"column":21}},"30":{"start":{"line":35,"column":21},"end":{"line":35,"column":25}},"31":{"start":{"line":36,"column":22},"end":{"line":36,"column":27}},"32":{"start":{"line":37,"column":31},"end":{"line":37,"column":45}},"33":{"start":{"line":38,"column":28},"end":{"line":38,"column":39}},"34":{"start":{"line":40,"column":8},"end":{"line":40,"column":72}},"35":{"start":{"line":48,"column":4},"end":{"line":48,"column":156}},"36":{"start":{"line":49,"column":2},"end":{"line":49,"column":32}}},"fnMap":{"0":{"name":"buildMakeUser","decl":{"start":{"line":1,"column":24},"end":{"line":1,"column":37}},"loc":{"start":{"line":1,"column":50},"end":{"line":44,"column":1}},"line":1},"1":{"name":"makeUser","decl":{"start":{"line":2,"column":24},"end":{"line":2,"column":32}},"loc":{"start":{"line":8,"column":10},"end":{"line":43,"column":3}},"line":8},"2":{"name":"(anonymous_2)","decl":{"start":{"line":34,"column":13},"end":{"line":34,"column":14}},"loc":{"start":{"line":34,"column":19},"end":{"line":34,"column":21}},"line":34},"3":{"name":"(anonymous_3)","decl":{"start":{"line":35,"column":15},"end":{"line":35,"column":16}},"loc":{"start":{"line":35,"column":21},"end":{"line":35,"column":25}},"line":35},"4":{"name":"(anonymous_4)","decl":{"start":{"line":36,"column":16},"end":{"line":36,"column":17}},"loc":{"start":{"line":36,"column":22},"end":{"line":36,"column":27}},"line":36},"5":{"name":"(anonymous_5)","decl":{"start":{"line":37,"column":25},"end":{"line":37,"column":26}},"loc":{"start":{"line":37,"column":31},"end":{"line":37,"column":45}},"line":37},"6":{"name":"(anonymous_6)","decl":{"start":{"line":38,"column":22},"end":{"line":38,"column":23}},"loc":{"start":{"line":38,"column":28},"end":{"line":38,"column":39}},"line":38},"7":{"name":"(anonymous_7)","decl":{"start":{"line":39,"column":6},"end":{"line":39,"column":7}},"loc":{"start":{"line":39,"column":38},"end":{"line":41,"column":7}},"line":39},"8":{"name":"isEmail","decl":{"start":{"line":46,"column":9},"end":{"line":46,"column":16}},"loc":{"start":{"line":46,"column":24},"end":{"line":50,"column":1}},"line":46}},"branchMap":{"0":{"loc":{"start":{"line":2,"column":33},"end":{"line":8,"column":8}},"type":"default-arg","locations":[{"start":{"line":8,"column":6},"end":{"line":8,"column":8}}],"line":2},"1":{"loc":{"start":{"line":7,"column":4},"end":{"line":7,"column":28}},"type":"default-arg","locations":[{"start":{"line":7,"column":18},"end":{"line":7,"column":28}}],"line":7},"2":{"loc":{"start":{"line":9,"column":4},"end":{"line":9,"column":57}},"type":"if","locations":[{"start":{"line":9,"column":4},"end":{"line":9,"column":57}},{"start":{"line":9,"column":4},"end":{"line":9,"column":57}}],"line":9},"3":{"loc":{"start":{"line":10,"column":4},"end":{"line":10,"column":76}},"type":"if","locations":[{"start":{"line":10,"column":4},"end":{"line":10,"column":76}},{"start":{"line":10,"column":4},"end":{"line":10,"column":76}}],"line":10},"4":{"loc":{"start":{"line":12,"column":4},"end":{"line":12,"column":61}},"type":"if","locations":[{"start":{"line":12,"column":4},"end":{"line":12,"column":61}},{"start":{"line":12,"column":4},"end":{"line":12,"column":61}}],"line":12},"5":{"loc":{"start":{"line":13,"column":4},"end":{"line":13,"column":80}},"type":"if","locations":[{"start":{"line":13,"column":4},"end":{"line":13,"column":80}},{"start":{"line":13,"column":4},"end":{"line":13,"column":80}}],"line":13},"6":{"loc":{"start":{"line":14,"column":4},"end":{"line":15,"column":70}},"type":"if","locations":[{"start":{"line":14,"column":4},"end":{"line":15,"column":70}},{"start":{"line":14,"column":4},"end":{"line":15,"column":70}}],"line":14},"7":{"loc":{"start":{"line":16,"column":4},"end":{"line":17,"column":69}},"type":"if","locations":[{"start":{"line":16,"column":4},"end":{"line":17,"column":69}},{"start":{"line":16,"column":4},"end":{"line":17,"column":69}}],"line":16},"8":{"loc":{"start":{"line":19,"column":4},"end":{"line":19,"column":63}},"type":"if","locations":[{"start":{"line":19,"column":4},"end":{"line":19,"column":63}},{"start":{"line":19,"column":4},"end":{"line":19,"column":63}}],"line":19},"9":{"loc":{"start":{"line":20,"column":4},"end":{"line":21,"column":53}},"type":"if","locations":[{"start":{"line":20,"column":4},"end":{"line":21,"column":53}},{"start":{"line":20,"column":4},"end":{"line":21,"column":53}}],"line":20},"10":{"loc":{"start":{"line":22,"column":4},"end":{"line":22,"column":66}},"type":"if","locations":[{"start":{"line":22,"column":4},"end":{"line":22,"column":66}},{"start":{"line":22,"column":4},"end":{"line":22,"column":66}}],"line":22},"11":{"loc":{"start":{"line":24,"column":4},"end":{"line":24,"column":69}},"type":"if","locations":[{"start":{"line":24,"column":4},"end":{"line":24,"column":69}},{"start":{"line":24,"column":4},"end":{"line":24,"column":69}}],"line":24},"12":{"loc":{"start":{"line":25,"column":4},"end":{"line":26,"column":56}},"type":"if","locations":[{"start":{"line":25,"column":4},"end":{"line":26,"column":56}},{"start":{"line":25,"column":4},"end":{"line":26,"column":56}}],"line":25},"13":{"loc":{"start":{"line":27,"column":4},"end":{"line":28,"column":74}},"type":"if","locations":[{"start":{"line":27,"column":4},"end":{"line":28,"column":74}},{"start":{"line":27,"column":4},"end":{"line":28,"column":74}}],"line":27},"14":{"loc":{"start":{"line":29,"column":4},"end":{"line":30,"column":74}},"type":"if","locations":[{"start":{"line":29,"column":4},"end":{"line":30,"column":74}},{"start":{"line":29,"column":4},"end":{"line":30,"column":74}}],"line":29}},"s":{"0":2,"1":36,"2":1,"3":35,"4":4,"5":31,"6":1,"7":30,"8":4,"9":26,"10":1,"11":25,"12":1,"13":24,"14":1,"15":23,"16":4,"17":19,"18":1,"19":18,"20":1,"21":17,"22":4,"23":13,"24":1,"25":12,"26":1,"27":11,"28":11,"29":15,"30":7,"31":15,"32":8,"33":7,"34":1,"35":19,"36":19},"f":{"0":2,"1":36,"2":15,"3":7,"4":15,"5":8,"6":7,"7":1,"8":19},"b":{"0":[0],"1":[28],"2":[1,35],"3":[4,31],"4":[1,30],"5":[4,26],"6":[1,25],"7":[1,24],"8":[1,23],"9":[4,19],"10":[1,18],"11":[1,17],"12":[4,13],"13":[1,12],"14":[1,11]},"_coverageSchema":"1a1c01bbd47fc00a2c39e90264f33305004495a9","hash":"4e043518ecf7f31a3f9848229e605b6bd4d9d91d"}
,"/home/dzonson/development/misc/clean-arch/mikroblog/src/use-cases/list-users.js": {"path":"/home/dzonson/development/misc/clean-arch/mikroblog/src/use-cases/list-users.js","statementMap":{"0":{"start":{"line":2,"column":2},"end":{"line":4,"column":4}},"1":{"start":{"line":3,"column":4},"end":{"line":3,"column":36}}},"fnMap":{"0":{"name":"makeListUsers","decl":{"start":{"line":1,"column":24},"end":{"line":1,"column":37}},"loc":{"start":{"line":1,"column":53},"end":{"line":5,"column":1}},"line":1},"1":{"name":"listComments","decl":{"start":{"line":2,"column":24},"end":{"line":2,"column":36}},"loc":{"start":{"line":2,"column":39},"end":{"line":4,"column":3}},"line":2}},"branchMap":{},"s":{"0":1,"1":1},"f":{"0":1,"1":1},"b":{},"_coverageSchema":"1a1c01bbd47fc00a2c39e90264f33305004495a9","hash":"76a29fe63edc05c0cdfbe9f9394b93cf1e579ef3"}
,"/home/dzonson/development/misc/clean-arch/mikroblog/src/use-cases/save-user.js": {"path":"/home/dzonson/development/misc/clean-arch/mikroblog/src/use-cases/save-user.js","statementMap":{"0":{"start":{"line":4,"column":2},"end":{"line":21,"column":4}},"1":{"start":{"line":5,"column":4},"end":{"line":5,"column":47}},"2":{"start":{"line":5,"column":22},"end":{"line":5,"column":47}},"3":{"start":{"line":6,"column":17},"end":{"line":6,"column":41}},"4":{"start":{"line":7,"column":27},"end":{"line":7,"column":69}},"5":{"start":{"line":8,"column":30},"end":{"line":10,"column":7}},"6":{"start":{"line":11,"column":4},"end":{"line":11,"column":78}},"7":{"start":{"line":11,"column":24},"end":{"line":11,"column":78}},"8":{"start":{"line":12,"column":4},"end":{"line":13,"column":63}},"9":{"start":{"line":13,"column":6},"end":{"line":13,"column":63}},"10":{"start":{"line":14,"column":4},"end":{"line":20,"column":7}}},"fnMap":{"0":{"name":"makeSaveUser","decl":{"start":{"line":3,"column":24},"end":{"line":3,"column":36}},"loc":{"start":{"line":3,"column":56},"end":{"line":22,"column":1}},"line":3},"1":{"name":"saveUser","decl":{"start":{"line":4,"column":24},"end":{"line":4,"column":32}},"loc":{"start":{"line":4,"column":43},"end":{"line":21,"column":3}},"line":4}},"branchMap":{"0":{"loc":{"start":{"line":5,"column":4},"end":{"line":5,"column":47}},"type":"if","locations":[{"start":{"line":5,"column":4},"end":{"line":5,"column":47}},{"start":{"line":5,"column":4},"end":{"line":5,"column":47}}],"line":5},"1":{"loc":{"start":{"line":11,"column":4},"end":{"line":11,"column":78}},"type":"if","locations":[{"start":{"line":11,"column":4},"end":{"line":11,"column":78}},{"start":{"line":11,"column":4},"end":{"line":11,"column":78}}],"line":11},"2":{"loc":{"start":{"line":12,"column":4},"end":{"line":13,"column":63}},"type":"if","locations":[{"start":{"line":12,"column":4},"end":{"line":13,"column":63}},{"start":{"line":12,"column":4},"end":{"line":13,"column":63}}],"line":12}},"s":{"0":1,"1":8,"2":1,"3":8,"4":8,"5":8,"6":8,"7":1,"8":7,"9":1,"10":6},"f":{"0":1,"1":8},"b":{"0":[1,7],"1":[1,7],"2":[1,6]},"_coverageSchema":"1a1c01bbd47fc00a2c39e90264f33305004495a9","hash":"69dcd733129dae2187c46fe0ed195b6da365a258"}
}
