TN:
SF:__test__/utils/dbMockup.js
FN:5,(anonymous_0)
FN:11,(anonymous_1)
FN:14,(anonymous_2)
FN:20,(anonymous_3)
FNF:4
FNH:4
FNDA:8,(anonymous_0)
FNDA:9,(anonymous_1)
FNDA:23,(anonymous_2)
FNDA:12,(anonymous_3)
DA:3,2
DA:6,8
DA:7,8
DA:8,7
DA:12,9
DA:13,9
DA:14,8
DA:15,23
DA:18,9
DA:20,12
LF:10
LH:10
BRDA:7,0,0,1
BRDA:7,0,1,7
BRDA:18,1,0,2
BRDA:18,1,1,7
BRF:4
BRH:4
end_of_record
TN:
SF:src/controllers/user-controller/post-user.js
FN:1,makePostUser
FN:2,postUser
FNF:2
FNH:2
FNDA:2,makePostUser
FNDA:2,postUser
DA:2,2
DA:3,2
DA:4,2
DA:6,1
DA:17,1
LF:5
LH:5
BRF:0
BRH:0
end_of_record
TN:
SF:src/entities/user/index.js
FN:4,(anonymous_0)
FNF:1
FNH:1
FNDA:8,(anonymous_0)
DA:3,1
DA:5,8
DA:8,8
DA:12,1
LF:4
LH:4
BRF:0
BRH:0
end_of_record
TN:
SF:src/entities/user/user.js
FN:1,buildMakeUser
FN:2,makeUser
FN:34,(anonymous_2)
FN:35,(anonymous_3)
FN:36,(anonymous_4)
FN:37,(anonymous_5)
FN:38,(anonymous_6)
FN:43,isEmail
FNF:8
FNH:8
FNDA:2,buildMakeUser
FNDA:35,makeUser
FNDA:15,(anonymous_2)
FNDA:7,(anonymous_3)
FNDA:15,(anonymous_4)
FNDA:7,(anonymous_5)
FNDA:7,(anonymous_6)
FNDA:18,isEmail
DA:2,2
DA:9,35
DA:10,34
DA:12,30
DA:13,29
DA:14,25
DA:15,1
DA:16,24
DA:17,1
DA:19,23
DA:20,22
DA:21,4
DA:22,18
DA:24,17
DA:25,16
DA:26,4
DA:27,12
DA:28,1
DA:29,11
DA:30,1
DA:32,10
DA:33,10
DA:34,15
DA:35,7
DA:36,15
DA:37,7
DA:38,7
DA:45,18
DA:46,18
LF:29
LH:29
BRDA:2,0,0,0
BRDA:7,1,0,27
BRDA:9,2,0,1
BRDA:9,2,1,34
BRDA:10,3,0,4
BRDA:10,3,1,30
BRDA:12,4,0,1
BRDA:12,4,1,29
BRDA:13,5,0,4
BRDA:13,5,1,25
BRDA:14,6,0,1
BRDA:14,6,1,24
BRDA:16,7,0,1
BRDA:16,7,1,23
BRDA:19,8,0,1
BRDA:19,8,1,22
BRDA:20,9,0,4
BRDA:20,9,1,18
BRDA:22,10,0,1
BRDA:22,10,1,17
BRDA:24,11,0,1
BRDA:24,11,1,16
BRDA:25,12,0,4
BRDA:25,12,1,12
BRDA:27,13,0,1
BRDA:27,13,1,11
BRDA:29,14,0,1
BRDA:29,14,1,10
BRF:28
BRH:27
end_of_record
TN:
SF:src/use-cases/list-users.js
FN:1,makeListUsers
FN:2,listComments
FNF:2
FNH:2
FNDA:1,makeListUsers
FNDA:1,listComments
DA:2,1
DA:3,1
LF:2
LH:2
BRF:0
BRH:0
end_of_record
TN:
SF:src/use-cases/save-user.js
FN:3,makeSaveUser
FN:4,saveUser
FNF:2
FNH:2
FNDA:1,makeSaveUser
FNDA:8,saveUser
DA:4,1
DA:5,8
DA:6,8
DA:7,8
DA:8,8
DA:11,8
DA:12,7
DA:13,1
DA:14,6
LF:9
LH:9
BRDA:5,0,0,1
BRDA:5,0,1,7
BRDA:11,1,0,1
BRDA:11,1,1,7
BRDA:12,2,0,1
BRDA:12,2,1,6
BRF:6
BRH:6
end_of_record
